2013-09-08T00:00:26+09:00	category.international	{"title":"2012年2月25日、シリアのホムス中心部ババ・アムル地区。 : 週刊オブイェクト","link":"http://obiekt.seesaa.net/article/307392198.html","description":"8 users","content":null,"created_at":"2013/09/08 00:00:26"}
2013-09-08T00:00:26+09:00	category.international	{"title":"【海外事件簿】ウクライナの過激トップレス集団が本国脱出　政権による抑圧が原因？＋（1/3ページ） - MSN産経ニュース","link":"http://sankei.jp.msn.com/world/news/130907/erp13090718000005-n1.htm","description":"6 users","content":null,"created_at":"2013/09/08 00:00:26"}
2013-09-08T00:00:34+09:00	category.enocomics	{"title":"金融日記:いまさら人に聞けない黒田日銀総裁の異次元緩和とその検証","link":"http://blog.livedoor.jp/kazu_fujisawa/archives/51980491.html","description":"6 users","content":null,"created_at":"2013/09/08 00:00:34"}
2013-09-08T00:00:43+09:00	category.electro	{"title":"これがリアル？目を疑うような光景でネットを沸かせた13枚の写真 : カラパイア","link":"http://karapaia.livedoor.biz/archives/52139421.html","description":"6 users","content":null,"created_at":"2013/09/08 00:00:43"}
2013-09-08T00:00:43+09:00	category.electro	{"title":"Maltine Records - [MARU-123] bo en - pale machine","link":"http://maltinerecords.cs8.biz/123.html","description":"6 users","content":null,"created_at":"2013/09/08 00:00:43"}
2013-09-08T00:00:43+09:00	category.electro	{"title":"ファビコン・カンニング・ペーパー","link":"http://hail2u.net/documents/favicon-cheat-sheet-ja.html","description":"6 users","content":null,"created_at":"2013/09/08 00:00:43"}
2013-09-08T00:00:43+09:00	category.electro	{"title":"　 ‐ ニコニコ動画:Q","link":"http://www.nicovideo.jp/watch/sm21776560","description":"9 users","content":null,"created_at":"2013/09/08 00:00:43"}
2013-09-08T00:00:52+09:00	category.sports	{"title":"本田圭佑、柿谷絶賛！「曜一朗は全てを兼ね備えている。」（関連スレまとめ）: カルチョまとめブログ","link":"http://www.calciomatome.net/article/374165683.html","description":"6 users","content":null,"created_at":"2013/09/08 00:00:52"}
2013-09-08T00:01:08+09:00	category.entertainment	{"title":"朝日新聞デジタル：カネボウ美白化粧品被害、併用で頻出　皮膚科学会が報告 - 社会","link":"http://www.asahi.com/national/update/0907/TKY201309070229.html","description":"6 users","content":null,"created_at":"2013/09/08 00:01:08"}
2013-09-08T00:15:26+09:00	category.international	{"title":"ロシアがシリアを擁護する3つの理由 　WEDGE Infinity(ウェッジ)","link":"http://wedge.ismedia.jp/articles/-/2027","description":"13 users","content":null,"created_at":"2013/09/08 00:15:26"}
2013-09-08T00:15:42+09:00	category.electro	{"title":"ﾄﾚﾋﾞｱの泉【おさかなくわえた♪】","link":"http://www.youtube.com/watch?v=Yj53PNSIBrs","description":"6 users","content":null,"created_at":"2013/09/08 00:15:42"}
2013-09-08T00:15:42+09:00	category.electro	{"title":"インド人もアマゾンも顧客も嬉しい！眠っている本を有効活用する新しい仕組み...","link":"http://www.kotaro269.com/articles/31343.html","description":"6 users","content":null,"created_at":"2013/09/08 00:15:42"}
2013-09-08T00:15:42+09:00	category.electro	{"title":"PocketをEvernoteに保存する時には、ノートを1つにまとめることにした。 | 歩...","link":"http://arukeba.jp/pocket.html","description":"7 users","content":null,"created_at":"2013/09/08 00:15:42"}
2013-09-08T00:15:42+09:00	category.electro	{"title":"「提督といっしょに創り上げていきたい」『艦隊これくしょん 艦これ』キーマン・田中謙介氏インタビュー...","link":"http://www.famitsu.com/news/201309/07039658.html","description":"7 users","content":null,"created_at":"2013/09/08 00:15:42"}
2013-09-08T00:15:42+09:00	category.electro	{"title":"とあるインフラエンジニアのAzure活用 // Speaker Deck","link":"https://speakerdeck.com/tanaka733/toaruinhuraenziniafalseazurehuo-yong","description":"7 users","content":null,"created_at":"2013/09/08 00:15:42"}
2013-09-08T00:15:42+09:00	category.electro	{"title":"「わりと正確な自動要約」エンジンで日本語ニュースを要約してくれる「SLICE N...","link":"http://www.lifehacker.jp/2013/09/1309073slice_news.html","description":"6 users","content":null,"created_at":"2013/09/08 00:15:42"}
2013-09-08T00:16:08+09:00	category.entertainment	{"title":"宮崎駿監督引退会見　「僕の長編アニメーションの時代ははっきり終わった」「今回は本気です」 - MSN産...","link":"http://sankei.jp.msn.com/entertainments/news/130906/ent13090621310022-n1.htm","description":"6 users","content":null,"created_at":"2013/09/08 00:16:08"}
2013-09-08T00:16:08+09:00	category.entertainment	{"title":"YAMADAtheGIANT.com","link":"http://yamadathegiant.com/2008/06/24_222618.php","description":"6 users","content":null,"created_at":"2013/09/08 00:16:08"}
2013-09-08T00:16:08+09:00	category.entertainment	{"title":"【緊急調査】ゲイが選ぶ！エッチしたいジブリ男子ランキング！ - FC2まとめ","link":"http://summary.fc2.com/sp/summary.php?summary_cd=68350","description":"6 users","content":null,"created_at":"2013/09/08 00:16:08"}
2013-09-08T00:16:08+09:00	category.entertainment	{"title":"アークティック・モンキーズ、ダメだと思えた時にすっぱりバンドをやめたいと...","link":"http://ro69.jp/news/detail/88453","description":"6 users","content":null,"created_at":"2013/09/08 00:16:08"}
